<?xml version="1.0" encoding="UTF-8"?>
<!-- Generated by org.testng.reporters.JUnitXMLReporter -->
<testsuite hostname="DESKTOP-33A93L7" ignored="8" name="Smoke Test" tests="2" failures="0" timestamp="16 Jun 2019 18:10:58 GMT" time="15.687" errors="0">
  <testcase name="doLogin" time="2.556" classname="com.syntax.testcases.LoginPageTest"/>
  <testcase name="loginToOrangeHRM" time="2.522" classname="com.syntax.testcases.LoginPageTest"/>
  <testcase name="negativeLogin" time="0.0" classname="com.syntax.testcases.LoginPageTest">
    <ignored/>
  </testcase> <!-- negativeLogin -->
  <testcase name="addEmployee" time="0.0" classname="com.syntax.testcases.AddEmployeePageTest">
    <ignored/>
  </testcase> <!-- addEmployee -->
  <testcase name="@BeforeTest generateReport" time="0.0" classname="com.syntax.utils.BaseClass">
    <ignored/>
  </testcase> <!-- @BeforeTest generateReport -->
  <testcase name="@BeforeTest generateReport" time="0.0" classname="com.syntax.utils.BaseClass">
    <ignored/>
  </testcase> <!-- @BeforeTest generateReport -->
  <testcase name="addLocation" time="0.0" classname="com.syntax.testcases.LocationPageTest">
    <ignored/>
  </testcase> <!-- addLocation -->
  <testcase name="@AfterTest flushReport" time="0.0" classname="com.syntax.utils.BaseClass">
    <ignored/>
  </testcase> <!-- @AfterTest flushReport -->
  <testcase name="@AfterTest flushReport" time="0.0" classname="com.syntax.utils.BaseClass">
    <ignored/>
  </testcase> <!-- @AfterTest flushReport -->
  <testcase name="readLocations" time="0.0" classname="com.syntax.testcases.ExcelLocationsTest">
    <ignored/>
  </testcase> <!-- readLocations -->
</testsuite> <!-- Smoke Test -->
