<?xml version="1.0" encoding="UTF-8"?>
<!-- Generated by org.testng.reporters.JUnitXMLReporter -->
<testsuite hostname="DESKTOP-33A93L7" ignored="5" name="Smoke Test" tests="2" failures="0" timestamp="15 Jun 2019 19:06:43 GMT" time="15.429" errors="0">
  <testcase name="doLogin" time="2.774" classname="com.syntax.testcases.LoginPageTest"/>
  <testcase name="loginToOrangeHRM" time="1.738" classname="com.syntax.testcases.LoginPageTest"/>
  <testcase name="negativeLogin" time="0.0" classname="com.syntax.testcases.LoginPageTest">
    <ignored/>
  </testcase> <!-- negativeLogin -->
  <testcase name="addEmployee" time="0.0" classname="com.syntax.testcases.AddEmployeePageTest">
    <ignored/>
  </testcase> <!-- addEmployee -->
  <testcase name="addLocation" time="0.0" classname="com.syntax.testcases.LocationPageTest">
    <ignored/>
  </testcase> <!-- addLocation -->
  <testcase name="negativeLogin1" time="0.0" classname="com.syntax.testcases.LoginPageTest">
    <ignored/>
  </testcase> <!-- negativeLogin1 -->
  <testcase name="readLocations" time="0.0" classname="com.syntax.testcases.ExcelLocations">
    <ignored/>
  </testcase> <!-- readLocations -->
</testsuite> <!-- Smoke Test -->
