<?xml version="1.0" encoding="UTF-8"?>
<!-- Generated by org.testng.reporters.JUnitXMLReporter -->
<testsuite hostname="DESKTOP-33A93L7" ignored="8" name="Regression Test" tests="1" failures="1" timestamp="16 Jun 2019 18:10:19 GMT" time="0.453" errors="0">
  <testcase name="addEmployee" time="0.328" classname="com.syntax.testcases.AddEmployeePageTest">
    <failure type="org.testng.internal.reflect.MethodMatcherException" message="
Data provider mismatch
Method: addEmployee([Parameter{index=0, type=java.lang.String, declaredAnnotations=[]}, Parameter{index=1, type=java.lang.String, declaredAnnotations=[]}, Parameter{index=2, type=java.lang.String, declaredAnnotations=[]}, Parameter{index=3, type=java.lang.String, declaredAnnotations=[]}])
Arguments: [(java.lang.String) Adnan,(java.lang.String) A,(java.lang.String) Smith,(java.lang.String) West Office,(java.lang.String) Fail]">
      <![CDATA[org.testng.internal.reflect.MethodMatcherException: 
Data provider mismatch
Method: addEmployee([Parameter{index=0, type=java.lang.String, declaredAnnotations=[]}, Parameter{index=1, type=java.lang.String, declaredAnnotations=[]}, Parameter{index=2, type=java.lang.String, declaredAnnotations=[]}, Parameter{index=3, type=java.lang.String, declaredAnnotations=[]}])
Arguments: [(java.lang.String) Adnan,(java.lang.String) A,(java.lang.String) Smith,(java.lang.String) West Office,(java.lang.String) Fail]
... Removed 20 stack frames]]>
    </failure>
  </testcase> <!-- addEmployee -->
  <testcase name="doLogin" time="0.0" classname="com.syntax.testcases.LoginPageTest">
    <ignored/>
  </testcase> <!-- doLogin -->
  <testcase name="@BeforeTest generateReport" time="0.0" classname="com.syntax.utils.BaseClass">
    <ignored/>
  </testcase> <!-- @BeforeTest generateReport -->
  <testcase name="@BeforeTest generateReport" time="0.0" classname="com.syntax.utils.BaseClass">
    <ignored/>
  </testcase> <!-- @BeforeTest generateReport -->
  <testcase name="addLocation" time="0.0" classname="com.syntax.testcases.LocationPageTest">
    <ignored/>
  </testcase> <!-- addLocation -->
  <testcase name="@AfterTest flushReport" time="0.0" classname="com.syntax.utils.BaseClass">
    <ignored/>
  </testcase> <!-- @AfterTest flushReport -->
  <testcase name="@AfterTest flushReport" time="0.0" classname="com.syntax.utils.BaseClass">
    <ignored/>
  </testcase> <!-- @AfterTest flushReport -->
  <testcase name="readLocations" time="0.0" classname="com.syntax.testcases.ExcelLocationsTest">
    <ignored/>
  </testcase> <!-- readLocations -->
  <testcase name="loginToOrangeHRM" time="0.0" classname="com.syntax.testcases.LoginPageTest">
    <ignored/>
  </testcase> <!-- loginToOrangeHRM -->
</testsuite> <!-- Regression Test -->
