<?xml version="1.0" encoding="UTF-8"?>
<!-- Generated by org.testng.reporters.JUnitXMLReporter -->
<testsuite hostname="DESKTOP-33A93L7" ignored="7" tests="0" failures="0" timestamp="15 Jun 2019 19:27:37 GMT" time="0.0" errors="0">
  <testcase name="doLogin" time="0.0" classname="com.syntax.testcases.LoginPageTest">
    <ignored/>
  </testcase> <!-- doLogin -->
  <testcase name="negativeLogin" time="0.0" classname="com.syntax.testcases.LoginPageTest">
    <ignored/>
  </testcase> <!-- negativeLogin -->
  <testcase name="addEmployee" time="0.0" classname="com.syntax.testcases.AddEmployeePageTest">
    <ignored/>
  </testcase> <!-- addEmployee -->
  <testcase name="addLocation" time="0.0" classname="com.syntax.testcases.LocationPageTest">
    <ignored/>
  </testcase> <!-- addLocation -->
  <testcase name="negativeLogin1" time="0.0" classname="com.syntax.testcases.LoginPageTest">
    <ignored/>
  </testcase> <!-- negativeLogin1 -->
  <testcase name="readLocations" time="0.0" classname="com.syntax.testcases.ExcelLocations">
    <ignored/>
  </testcase> <!-- readLocations -->
  <testcase name="loginToOrangeHRM" time="0.0" classname="com.syntax.testcases.LoginPageTest">
    <ignored/>
  </testcase> <!-- loginToOrangeHRM -->
</testsuite>
