<?xml version="1.0" encoding="UTF-8"?>
<testng-results skipped="0" failed="0" ignored="7" total="7" passed="0">
  <reporter-output>
  </reporter-output>
  <suite name="Regression Suite" duration-ms="0" started-at="2019-06-15T19:27:37Z" finished-at="2019-06-15T19:27:37Z">
    <groups>
    </groups>
    <test name="Regression Test" duration-ms="0" started-at="2019-06-15T19:27:37Z" finished-at="2019-06-15T19:27:37Z">
    </test> <!-- Regression Test -->
  </suite> <!-- Regression Suite -->
</testng-results>
